<?xml version="1.0" encoding="UTF-8"?>
<testsuite xmlns:xsi="http://www.w3.org/2001/XMLSchema-instance" xsi:noNamespaceSchemaLocation="https://maven.apache.org/surefire/maven-surefire-plugin/xsd/surefire-test-report.xsd" name="co.udea.api.hero.service.HeroServiceTest" time="1.242" tests="6" errors="0" skipped="0" failures="0">
  <properties>
[...]
</properties>
  <testcase name="addHero" classname="co.udea.api.hero.service.HeroServiceTest" time="1.19"/>
  <testcase name="updateHero" classname="co.udea.api.hero.service.HeroServiceTest" time="0.003"/>
  <testcase name="searchHeroes" classname="co.udea.api.hero.service.HeroServiceTest" time="0.003"/>
  <testcase name="getHero" classname="co.udea.api.hero.service.HeroServiceTest" time="0.002"/>
  <testcase name="getHeroes" classname="co.udea.api.hero.service.HeroServiceTest" time="0.003"/>
  <testcase name="deleteHero" classname="co.udea.api.hero.service.HeroServiceTest" time="0.01"/>
</testsuite>